#
# There is insufficient memory for the Java Runtime Environment to continue.
# Native memory allocation (malloc) failed to allocate 1068256 bytes for Chunk::new
# Possible reasons:
#   The system is out of physical RAM or swap space
#   The process is running with CompressedOops enabled, and the Java Heap may be blocking the growth of the native heap
# Possible solutions:
#   Reduce memory load on the system
#   Increase physical memory or swap space
#   Check if swap backing store is full
#   Decrease Java heap size (-Xmx/-Xms)
#   Decrease number of Java threads
#   Decrease Java thread stack sizes (-Xss)
#   Set larger code cache with -XX:ReservedCodeCacheSize=
#   JVM is running with Unscaled Compressed Oops mode in which the Java heap is
#     placed in the first 4GB address space. The Java Heap base address is the
#     maximum limit for the native heap growth. Please use -XX:HeapBaseMinAddress
#     to set the Java Heap base and to place the Java Heap above 4GB virtual address.
# This output file may be truncated or incomplete.
#
#  Out of Memory Error (allocation.cpp:389), pid=10528, tid=0x00000000000037d0
#
# JRE version: OpenJDK Runtime Environment (8.0_242-b01) (build 1.8.0_242-release-1644-b01)
# Java VM: OpenJDK 64-Bit Server VM (25.242-b01 mixed mode windows-amd64 compressed oops)
# Failed to write core dump. Minidumps are not enabled by default on client versions of Windows
#

---------------  T H R E A D  ---------------

Current thread (0x0000000019ba5000):  JavaThread "C2 CompilerThread1" daemon [_thread_in_native, id=14288, stack(0x000000001a570000,0x000000001a670000)]

Stack: [0x000000001a570000,0x000000001a670000]
[error occurred during error reporting (printing stack bounds), id 0xc0000005]

Native frames: (J=compiled Java code, j=interpreted, Vv=VM code, C=native code)


Current CompileTask:
C2:21223829 34168 %     4       com.android.tools.r8.ir.regalloc.a::a @ 9 (952 bytes)


---------------  P R O C E S S  ---------------

Java Threads: ( => current thread )
  0x000000001bcb0000 JavaThread "ForkJoinPool-43-worker-0" daemon [_thread_blocked, id=15156, stack(0x000000002f5a0000,0x000000002f6a0000)]
  0x000000001bca7000 JavaThread "ForkJoinPool-43-worker-7" daemon [_thread_blocked, id=12448, stack(0x000000002f4a0000,0x000000002f5a0000)]
  0x000000001bcad800 JavaThread "ForkJoinPool-43-worker-6" daemon [_thread_in_Java, id=13620, stack(0x000000002f3a0000,0x000000002f4a0000)]
  0x000000001bcac000 JavaThread "ForkJoinPool-43-worker-5" daemon [_thread_blocked, id=11512, stack(0x000000002f2a0000,0x000000002f3a0000)]
  0x000000001bca8800 JavaThread "ForkJoinPool-43-worker-4" daemon [_thread_blocked, id=6004, stack(0x000000002f1a0000,0x000000002f2a0000)]
  0x000000001bcaa800 JavaThread "ForkJoinPool-43-worker-3" daemon [_thread_blocked, id=9016, stack(0x000000002f0a0000,0x000000002f1a0000)]
  0x0000000019e33800 JavaThread "ForkJoinPool-43-worker-2" daemon [_thread_blocked, id=14904, stack(0x000000002efa0000,0x000000002f0a0000)]
  0x0000000019e35800 JavaThread "ForkJoinPool-43-worker-1" daemon [_thread_blocked, id=4000, stack(0x000000002eea0000,0x000000002efa0000)]
  0x0000000019e32800 JavaThread "WorkerExecutor Queue Thread 8" [_thread_blocked, id=12624, stack(0x000000002eda0000,0x000000002eea0000)]
  0x0000000019e32000 JavaThread "WorkerExecutor Queue Thread 7" [_thread_blocked, id=1180, stack(0x000000002eca0000,0x000000002eda0000)]
  0x0000000019e2a800 JavaThread "WorkerExecutor Queue Thread 6" [_thread_blocked, id=13976, stack(0x000000002eba0000,0x000000002eca0000)]
  0x0000000019e27800 JavaThread "WorkerExecutor Queue Thread 5" [_thread_blocked, id=10360, stack(0x000000002eaa0000,0x000000002eba0000)]
  0x0000000019e2d800 JavaThread "Cache worker for Java compile cache (D:\HUST\20193\Android\NoteKepper\.gradle\6.1.1\javaCompile)" [_thread_blocked, id=12096, stack(0x000000002e9a0000,0x000000002eaa0000)]
  0x000000002218f800 JavaThread "WorkerExecutor Queue Thread 4" [_thread_blocked, id=1816, stack(0x000000002e2a0000,0x000000002e3a0000)]
  0x0000000022196800 JavaThread "WorkerExecutor Queue Thread 3" [_thread_blocked, id=9772, stack(0x000000002e3b0000,0x000000002e4b0000)]
  0x0000000022195000 JavaThread "stdout" [_thread_in_native, id=6364, stack(0x000000002e1a0000,0x000000002e2a0000)]
  0x0000000022193800 JavaThread "stderr" [_thread_in_native, id=4412, stack(0x000000002b070000,0x000000002b170000)]
  0x0000000022195800 JavaThread "stdout" [_thread_in_native, id=3000, stack(0x000000002af70000,0x000000002b070000)]
  0x000000002218c000 JavaThread "stderr" [_thread_in_native, id=1056, stack(0x000000002ae70000,0x000000002af70000)]
  0x0000000022190800 JavaThread "WorkerExecutor Queue Thread 2" [_thread_blocked, id=14088, stack(0x000000002ad70000,0x000000002ae70000)]
  0x000000002218d800 JavaThread "pool-84-thread-1" [_thread_blocked, id=10748, stack(0x000000002aaa0000,0x000000002aba0000)]
  0x000000002218e000 JavaThread "WorkerExecutor Queue" [_thread_blocked, id=11168, stack(0x000000002a9a0000,0x000000002aaa0000)]
  0x00000000221a8000 JavaThread "Cache worker for execution history cache (D:\HUST\20193\Android\NoteKepper\.gradle\6.1.1\executionHistory)" [_thread_blocked, id=12444, stack(0x000000002ac70000,0x000000002ad70000)]
  0x00000000221a4000 JavaThread "Execution worker for ':' Thread 7" [_thread_blocked, id=13864, stack(0x000000002a8a0000,0x000000002a9a0000)]
  0x00000000221a7000 JavaThread "Execution worker for ':' Thread 6" [_thread_blocked, id=2328, stack(0x000000002a7a0000,0x000000002a8a0000)]
  0x00000000221a3800 JavaThread "Execution worker for ':' Thread 5" [_thread_blocked, id=1900, stack(0x000000002a6a0000,0x000000002a7a0000)]
  0x00000000221a2800 JavaThread "Execution worker for ':' Thread 4" [_thread_blocked, id=13116, stack(0x000000002a5a0000,0x000000002a6a0000)]
  0x00000000221a8800 JavaThread "Execution worker for ':' Thread 3" [_thread_blocked, id=7368, stack(0x000000002a4a0000,0x000000002a5a0000)]
  0x00000000221a5800 JavaThread "Execution worker for ':' Thread 2" [_thread_blocked, id=3432, stack(0x000000002a3a0000,0x000000002a4a0000)]
  0x0000000022199800 JavaThread "Execution worker for ':'" [_thread_blocked, id=672, stack(0x0000000028ea0000,0x0000000028fa0000)]
  0x000000002219c000 JavaThread "Cache worker for file content cache (D:\HUST\20193\Android\NoteKepper\.gradle\6.1.1\fileContent)" [_thread_blocked, id=13464, stack(0x00000000282a0000,0x00000000283a0000)]
  0x00000000221a2000 JavaThread "Cache worker for Build Output Cleanup Cache (D:\HUST\20193\Android\NoteKepper\.gradle\buildOutputCleanup)" [_thread_blocked, id=5496, stack(0x0000000027ba0000,0x0000000027ca0000)]
  0x000000002219a800 JavaThread "Build operations Thread 8" [_thread_blocked, id=7392, stack(0x0000000026860000,0x0000000026960000)]
  0x000000002219e000 JavaThread "Build operations Thread 7" [_thread_blocked, id=12220, stack(0x0000000026760000,0x0000000026860000)]
  0x00000000221a1000 JavaThread "Build operations Thread 6" [_thread_blocked, id=8388, stack(0x0000000026660000,0x0000000026760000)]
  0x00000000221a0800 JavaThread "Build operations Thread 5" [_thread_blocked, id=6268, stack(0x0000000026560000,0x0000000026660000)]
  0x00000000221c1000 JavaThread "Build operations Thread 4" [_thread_blocked, id=6320, stack(0x0000000025b60000,0x0000000025c60000)]
  0x00000000221c5800 JavaThread "Build operations Thread 3" [_thread_blocked, id=2468, stack(0x0000000024e60000,0x0000000024f60000)]
  0x00000000221c8000 JavaThread "Build operations Thread 2" [_thread_blocked, id=5636, stack(0x0000000024760000,0x0000000024860000)]
  0x00000000221c2000 JavaThread "Build operations" [_thread_blocked, id=10552, stack(0x0000000024660000,0x0000000024760000)]
  0x00000000221c4000 JavaThread "Cache worker for cache directory md-rule (C:\Users\Hung\.gradle\caches\6.1.1\md-rule)" [_thread_blocked, id=9380, stack(0x0000000024360000,0x0000000024460000)]
  0x00000000221c2800 JavaThread "Cache worker for cache directory md-supplier (C:\Users\Hung\.gradle\caches\6.1.1\md-supplier)" [_thread_blocked, id=10516, stack(0x0000000023040000,0x0000000023140000)]
  0x00000000221c3800 JavaThread "Cache worker for file hash cache (D:\HUST\20193\Android\NoteKepper\.gradle\6.1.1\fileHashes)" [_thread_blocked, id=10720, stack(0x0000000020e30000,0x0000000020f30000)]
  0x00000000221b9800 JavaThread "Cache worker for checksums cache (D:\HUST\20193\Android\NoteKepper\.gradle\checksums)" [_thread_blocked, id=12516, stack(0x0000000020d30000,0x0000000020e30000)]
  0x00000000221c0800 JavaThread "Thread-1161" [_thread_blocked, id=1292, stack(0x000000001e390000,0x000000001e490000)]
  0x00000000221bf800 JavaThread "Stdin handler" [_thread_blocked, id=3896, stack(0x000000001e090000,0x000000001e190000)]
  0x00000000221bf000 JavaThread "Asynchronous log dispatcher for DefaultDaemonConnection: socket connection from /127.0.0.1:56496 to /127.0.0.1:64479" [_thread_blocked, id=9288, stack(0x000000001df90000,0x000000001e090000)]
  0x00000000221bc800 JavaThread "Daemon worker Thread 20" [_thread_blocked, id=8184, stack(0x000000001dc90000,0x000000001dd90000)]
  0x00000000221be000 JavaThread "Cancel handler" [_thread_blocked, id=8916, stack(0x000000001db90000,0x000000001dc90000)]
  0x00000000221bd800 JavaThread "Handler for socket connection from /127.0.0.1:56496 to /127.0.0.1:64479" [_thread_in_native, id=2068, stack(0x0000000000ff0000,0x00000000010f0000)]
  0x00000000221ba800 JavaThread "Daemon Thread 19" [_thread_blocked, id=9960, stack(0x0000000000ee0000,0x0000000000fe0000)]
  0x0000000022189800 JavaThread "Cache worker for Java compile cache (C:\Users\Hung\.gradle\caches\6.1.1\javaCompile)" [_thread_blocked, id=15132, stack(0x0000000028da0000,0x0000000028ea0000)]
  0x0000000019e31000 JavaThread "Cache worker for file content cache (C:\Users\Hung\.gradle\caches\6.1.1\fileContent)" [_thread_blocked, id=7588, stack(0x0000000025a60000,0x0000000025b60000)]
  0x0000000019e35000 JavaThread "Memory manager" [_thread_blocked, id=6252, stack(0x0000000025960000,0x0000000025a60000)]
  0x000000001c774000 JavaThread "Cache worker for execution history cache (C:\Users\Hung\.gradle\caches\6.1.1\executionHistory)" [_thread_blocked, id=9572, stack(0x0000000020f30000,0x0000000021030000)]
  0x000000001c777800 JavaThread "Cache worker for file hash cache (C:\Users\Hung\.gradle\caches\6.1.1\fileHashes)" [_thread_blocked, id=8924, stack(0x000000001e890000,0x000000001e990000)]
  0x000000001c772000 JavaThread "File lock request listener" [_thread_in_native, id=10916, stack(0x000000001e790000,0x000000001e890000)]
  0x000000001c771000 JavaThread "Cache worker for journal cache (C:\Users\Hung\.gradle\caches\journal-1)" [_thread_blocked, id=10876, stack(0x000000001e690000,0x000000001e790000)]
  0x000000001c520000 JavaThread "Daemon periodic checks" [_thread_blocked, id=1420, stack(0x000000001da90000,0x000000001db90000)]
  0x000000001c51f000 JavaThread "Incoming local TCP Connector on port 56496" [_thread_in_native, id=11624, stack(0x000000001d850000,0x000000001d950000)]
  0x0000000019cb7000 JavaThread "Daemon health stats" [_thread_blocked, id=9260, stack(0x000000001d210000,0x000000001d310000)]
  0x0000000019c35000 JavaThread "Service Thread" daemon [_thread_blocked, id=13960, stack(0x000000001a870000,0x000000001a970000)]
  0x0000000019bbc000 JavaThread "C1 CompilerThread3" daemon [_thread_blocked, id=10584, stack(0x000000001a770000,0x000000001a870000)]
  0x0000000019bb8000 JavaThread "C2 CompilerThread2" daemon [_thread_blocked, id=3996, stack(0x000000001a670000,0x000000001a770000)]
=>0x0000000019ba5000 JavaThread "C2 CompilerThread1" daemon [_thread_in_native, id=14288, stack(0x000000001a570000,0x000000001a670000)]
  0x0000000019ba1800 JavaThread "C2 CompilerThread0" daemon [_thread_blocked, id=8372, stack(0x000000001a470000,0x000000001a570000)]
  0x0000000019ba0000 JavaThread "Attach Listener" daemon [_thread_blocked, id=7248, stack(0x000000001a370000,0x000000001a470000)]
  0x0000000019b9f000 JavaThread "Signal Dispatcher" daemon [_thread_blocked, id=840, stack(0x000000001a270000,0x000000001a370000)]
  0x0000000002d2c800 JavaThread "Finalizer" daemon [_thread_blocked, id=2956, stack(0x000000001a070000,0x000000001a170000)]
  0x0000000019b90800 JavaThread "Reference Handler" daemon [_thread_blocked, id=3696, stack(0x0000000019f70000,0x000000001a070000)]
  0x0000000002b2e000 JavaThread "main" [_thread_blocked, id=8740, stack(0x0000000002b30000,0x0000000002c30000)]

Other Threads:
  0x0000000017d98000 VMThread [stack: 0x0000000019a70000,0x0000000019b70000] [id=1724]
  0x0000000019c35800 WatcherThread [stack: 0x000000001a970000,0x000000001aa70000] [id=11252]

VM state:not at safepoint (normal execution)

VM Mutex/Monitor currently owned by a thread: None

heap address: 0x0000000080000000, size: 2048 MB, Compressed Oops mode: 32-bit
Narrow klass base: 0x0000000000000000, Narrow klass shift: 3
Compressed class space size: 1073741824 Address: 0x0000000100000000

Heap:
 PSYoungGen      total 514560K, used 235826K [0x00000000d5580000, 0x00000000f9700000, 0x0000000100000000)
  eden space 467968K, 40% used [0x00000000d5580000,0x00000000e0e99d58,0x00000000f1e80000)
  from space 46592K, 99% used [0x00000000f6980000,0x00000000f96b2e88,0x00000000f9700000)
  to   space 54272K, 0% used [0x00000000f2d00000,0x00000000f2d00000,0x00000000f6200000)
 ParOldGen       total 171008K, used 47642K [0x0000000080000000, 0x000000008a700000, 0x00000000d5580000)
  object space 171008K, 27% used [0x0000000080000000,0x0000000082e86b88,0x000000008a700000)
 Metaspace       used 116089K, capacity 124884K, committed 125096K, reserved 1159168K
  class space    used 14715K, capacity 16265K, committed 16304K, reserved 1048576K

Card table byte_map: [0x00000000120f0000,0x0000000012500000] byte_map_base: 0x0000000011cf0000

Marking Bits: (ParMarkBitMap*) 0x0000000067eaf030
 Begin Bits: [0x0000000012fb0000, 0x0000000014fb0000)
 End Bits:   [0x0000000014fb0000, 0x0000000016fb0000)

Polling page: 0x0000000001240000

CodeCache: size=245760Kb used=92487Kb max_used=93370Kb free=153272Kb
 bounds [0x0000000002d30000, 0x0000000008900000, 0x0000000011d30000]
 total_blobs=25630 nmethods=24673 adapters=868
 compilation: enabled

Compilation events (10 events):
Event: 21223.321 Thread 0x0000000019bb8000 nmethod 34160 0x00000000075779d0 code [0x0000000007577b00, 0x0000000007577b78]
Event: 21223.324 Thread 0x0000000019bb8000 34152       4       com.android.tools.r8.graph.W::a (76 bytes)
Event: 21223.367 Thread 0x0000000019bb8000 nmethod 34152 0x0000000004795210 code [0x0000000004795440, 0x0000000004796110]
Event: 21223.370 Thread 0x0000000019bb8000 34119       4       com.android.tools.r8.graph.B0::d (213 bytes)
Event: 21223.392 Thread 0x0000000019bb8000 nmethod 34119 0x0000000002ec9250 code [0x0000000002ec93e0, 0x0000000002ec9c58]
Event: 21223.395 Thread 0x0000000019bb8000 34199       4       com.android.tools.r8.code.J1::<init> (13 bytes)
Event: 21223.408 Thread 0x0000000019bb8000 nmethod 34199 0x00000000044a1850 code [0x00000000044a19c0, 0x00000000044a1e78]
Event: 21223.604 Thread 0x0000000019ba1800 nmethod 34159 0x0000000007feb250 code [0x0000000007fec120, 0x0000000007ff3ad0]
Event: 21223.643 Thread 0x0000000019bbc000 34219       3       com.android.tools.r8.v.a.a.a.h.J0::f (193 bytes)
Event: 21223.645 Thread 0x0000000019bbc000 nmethod 34219 0x0000000004ff9d90 code [0x0000000004ff9fc0, 0x0000000004ffab18]

GC Heap History (10 events):
Event: 14799.327 GC heap before
{Heap before GC invocations=38 (full 4):
 PSYoungGen      total 517632K, used 498787K [0x00000000d5580000, 0x00000000f9500000, 0x0000000100000000)
  eden space 464896K, 100% used [0x00000000d5580000,0x00000000f1b80000,0x00000000f1b80000)
  from space 52736K, 64% used [0x00000000f1b80000,0x00000000f3c98fb0,0x00000000f4f00000)
  to   space 53760K, 0% used [0x00000000f6080000,0x00000000f6080000,0x00000000f9500000)
 ParOldGen       total 171008K, used 45911K [0x0000000080000000, 0x000000008a700000, 0x00000000d5580000)
  object space 171008K, 26% used [0x0000000080000000,0x0000000082cd5c40,0x000000008a700000)
 Metaspace       used 115546K, capacity 124170K, committed 124328K, reserved 1157120K
  class space    used 14705K, capacity 16256K, committed 16304K, reserved 1048576K
Event: 14799.373 GC heap after
Heap after GC invocations=38 (full 4):
 PSYoungGen      total 525312K, used 28171K [0x00000000d5580000, 0x00000000f8e80000, 0x0000000100000000)
  eden space 478208K, 0% used [0x00000000d5580000,0x00000000d5580000,0x00000000f2880000)
  from space 47104K, 59% used [0x00000000f6080000,0x00000000f7c02c60,0x00000000f8e80000)
  to   space 52224K, 0% used [0x00000000f2880000,0x00000000f2880000,0x00000000f5b80000)
 ParOldGen       total 171008K, used 46422K [0x0000000080000000, 0x000000008a700000, 0x00000000d5580000)
  object space 171008K, 27% used [0x0000000080000000,0x0000000082d55b00,0x000000008a700000)
 Metaspace       used 115546K, capacity 124170K, committed 124328K, reserved 1157120K
  class space    used 14705K, capacity 16256K, committed 16304K, reserved 1048576K
}
Event: 14830.925 GC heap before
{Heap before GC invocations=39 (full 4):
 PSYoungGen      total 525312K, used 506379K [0x00000000d5580000, 0x00000000f8e80000, 0x0000000100000000)
  eden space 478208K, 100% used [0x00000000d5580000,0x00000000f2880000,0x00000000f2880000)
  from space 47104K, 59% used [0x00000000f6080000,0x00000000f7c02c60,0x00000000f8e80000)
  to   space 52224K, 0% used [0x00000000f2880000,0x00000000f2880000,0x00000000f5b80000)
 ParOldGen       total 171008K, used 46422K [0x0000000080000000, 0x000000008a700000, 0x00000000d5580000)
  object space 171008K, 27% used [0x0000000080000000,0x0000000082d55b00,0x000000008a700000)
 Metaspace       used 115696K, capacity 124426K, committed 124584K, reserved 1157120K
  class space    used 14706K, capacity 16256K, committed 16304K, reserved 1048576K
Event: 14830.972 GC heap after
Heap after GC invocations=39 (full 4):
 PSYoungGen      total 530432K, used 28823K [0x00000000d5580000, 0x00000000f9780000, 0x0000000100000000)
  eden space 478208K, 0% used [0x00000000d5580000,0x00000000d5580000,0x00000000f2880000)
  from space 52224K, 55% used [0x00000000f2880000,0x00000000f44a5eb0,0x00000000f5b80000)
  to   space 50688K, 0% used [0x00000000f6600000,0x00000000f6600000,0x00000000f9780000)
 ParOldGen       total 171008K, used 47050K [0x0000000080000000, 0x000000008a700000, 0x00000000d5580000)
  object space 171008K, 27% used [0x0000000080000000,0x0000000082df2b30,0x000000008a700000)
 Metaspace       used 115696K, capacity 124426K, committed 124584K, reserved 1157120K
  class space    used 14706K, capacity 16256K, committed 16304K, reserved 1048576K
}
Event: 18313.585 GC heap before
{Heap before GC invocations=40 (full 4):
 PSYoungGen      total 530432K, used 507031K [0x00000000d5580000, 0x00000000f9780000, 0x0000000100000000)
  eden space 478208K, 100% used [0x00000000d5580000,0x00000000f2880000,0x00000000f2880000)
  from space 52224K, 55% used [0x00000000f2880000,0x00000000f44a5eb0,0x00000000f5b80000)
  to   space 50688K, 0% used [0x00000000f6600000,0x00000000f6600000,0x00000000f9780000)
 ParOldGen       total 171008K, used 47050K [0x0000000080000000, 0x000000008a700000, 0x00000000d5580000)
  object space 171008K, 27% used [0x0000000080000000,0x0000000082df2b30,0x000000008a700000)
 Metaspace       used 115824K, capacity 124566K, committed 124840K, reserved 1157120K
  class space    used 14709K, capacity 16256K, committed 16304K, reserved 1048576K
Event: 18313.655 GC heap after
Heap after GC invocations=40 (full 4):
 PSYoungGen      total 536064K, used 31773K [0x00000000d5580000, 0x00000000f9500000, 0x0000000100000000)
  eden space 487936K, 0% used [0x00000000d5580000,0x00000000d5580000,0x00000000f3200000)
  from space 48128K, 66% used [0x00000000f6600000,0x00000000f85076c8,0x00000000f9500000)
  to   space 50688K, 0% used [0x00000000f3200000,0x00000000f3200000,0x00000000f6380000)
 ParOldGen       total 171008K, used 47282K [0x0000000080000000, 0x000000008a700000, 0x00000000d5580000)
  object space 171008K, 27% used [0x0000000080000000,0x0000000082e2cb40,0x000000008a700000)
 Metaspace       used 115824K, capacity 124566K, committed 124840K, reserved 1157120K
  class space    used 14709K, capacity 16256K, committed 16304K, reserved 1048576K
}
Event: 20401.445 GC heap before
{Heap before GC invocations=41 (full 4):
 PSYoungGen      total 536064K, used 519709K [0x00000000d5580000, 0x00000000f9500000, 0x0000000100000000)
  eden space 487936K, 100% used [0x00000000d5580000,0x00000000f3200000,0x00000000f3200000)
  from space 48128K, 66% used [0x00000000f6600000,0x00000000f85076c8,0x00000000f9500000)
  to   space 50688K, 0% used [0x00000000f3200000,0x00000000f3200000,0x00000000f6380000)
 ParOldGen       total 171008K, used 47282K [0x0000000080000000, 0x000000008a700000, 0x00000000d5580000)
  object space 171008K, 27% used [0x0000000080000000,0x0000000082e2cb40,0x000000008a700000)
 Metaspace       used 115950K, capacity 124678K, committed 124840K, reserved 1157120K
  class space    used 14714K, capacity 16264K, committed 16304K, reserved 1048576K
Event: 20401.498 GC heap after
Heap after GC invocations=41 (full 4):
 PSYoungGen      total 538624K, used 20848K [0x00000000d5580000, 0x00000000f9980000, 0x0000000100000000)
  eden space 487936K, 0% used [0x00000000d5580000,0x00000000d5580000,0x00000000f3200000)
  from space 50688K, 41% used [0x00000000f3200000,0x00000000f465c0d0,0x00000000f6380000)
  to   space 49152K, 0% used [0x00000000f6980000,0x00000000f6980000,0x00000000f9980000)
 ParOldGen       total 171008K, used 47482K [0x0000000080000000, 0x000000008a700000, 0x00000000d5580000)
  object space 171008K, 27% used [0x0000000080000000,0x0000000082e5eb60,0x000000008a700000)
 Metaspace       used 115950K, capacity 124678K, committed 124840K, reserved 1157120K
  class space    used 14714K, capacity 16264K, committed 16304K, reserved 1048576K
}
Event: 21222.695 GC heap before
{Heap before GC invocations=42 (full 4):
 PSYoungGen      total 538624K, used 508784K [0x00000000d5580000, 0x00000000f9980000, 0x0000000100000000)
  eden space 487936K, 100% used [0x00000000d5580000,0x00000000f3200000,0x00000000f3200000)
  from space 50688K, 41% used [0x00000000f3200000,0x00000000f465c0d0,0x00000000f6380000)
  to   space 49152K, 0% used [0x00000000f6980000,0x00000000f6980000,0x00000000f9980000)
 ParOldGen       total 171008K, used 47482K [0x0000000080000000, 0x000000008a700000, 0x00000000d5580000)
  object space 171008K, 27% used [0x0000000080000000,0x0000000082e5eb60,0x000000008a700000)
 Metaspace       used 116082K, capacity 124884K, committed 125096K, reserved 1159168K
  class space    used 14715K, capacity 16265K, committed 16304K, reserved 1048576K
Event: 21222.776 GC heap after
Heap after GC invocations=42 (full 4):
 PSYoungGen      total 514560K, used 46283K [0x00000000d5580000, 0x00000000f9700000, 0x0000000100000000)
  eden space 467968K, 0% used [0x00000000d5580000,0x00000000d5580000,0x00000000f1e80000)
  from space 46592K, 99% used [0x00000000f6980000,0x00000000f96b2e88,0x00000000f9700000)
  to   space 54272K, 0% used [0x00000000f2d00000,0x00000000f2d00000,0x00000000f6200000)
 ParOldGen       total 171008K, used 47642K [0x0000000080000000, 0x000000008a700000, 0x00000000d5580000)
  object space 171008K, 27% used [0x0000000080000000,0x0000000082e86b88,0x000000008a700000)
 Metaspace       used 116082K, capacity 124884K, committed 125096K, reserved 1159168K
  class space    used 14715K, capacity 16265K, committed 16304K, reserved 1048576K
}

Deoptimization events (10 events):
Event: 21219.381 Thread 0x00000000221a5800 Uncommon trap: reason=class_check action=maybe_recompile pc=0x0000000007043b48 method=com.google.common.cache.LocalCache$Segment.lockedGetOrLoad(Ljava/lang/Object;ILcom/google/common/cache/CacheLoader;)Ljava/lang/Object; @ 129
Event: 21219.382 Thread 0x0000000022199800 Uncommon trap: reason=class_check action=maybe_recompile pc=0x0000000007043b48 method=com.google.common.cache.LocalCache$Segment.lockedGetOrLoad(Ljava/lang/Object;ILcom/google/common/cache/CacheLoader;)Ljava/lang/Object; @ 129
Event: 21219.383 Thread 0x00000000221a4000 Uncommon trap: reason=class_check action=maybe_recompile pc=0x0000000007043b48 method=com.google.common.cache.LocalCache$Segment.lockedGetOrLoad(Ljava/lang/Object;ILcom/google/common/cache/CacheLoader;)Ljava/lang/Object; @ 129
Event: 21219.383 Thread 0x00000000221a3800 Uncommon trap: reason=class_check action=maybe_recompile pc=0x0000000007043b48 method=com.google.common.cache.LocalCache$Segment.lockedGetOrLoad(Ljava/lang/Object;ILcom/google/common/cache/CacheLoader;)Ljava/lang/Object; @ 129
Event: 21219.389 Thread 0x0000000022199800 Uncommon trap: reason=unstable_if action=reinterpret pc=0x0000000002f7a2f8 method=com.google.common.util.concurrent.AbstractFuture.releaseWaiters()V @ 22
Event: 21219.613 Thread 0x00000000221a7000 Uncommon trap: reason=unstable_if action=reinterpret pc=0x00000000077c820c method=com.sun.org.apache.xerces.internal.dom.DeferredDocumentImpl.getChunkIndex([[III)I @ 3
Event: 21220.321 Thread 0x00000000221bc800 Uncommon trap: reason=unstable_if action=reinterpret pc=0x0000000008626e28 method=com.android.tools.r8.ir.optimize.l.r(Lcom/android/tools/r8/u/b/W;)V @ 183
Event: 21220.441 Thread 0x00000000221bc800 Uncommon trap: reason=unstable_if action=reinterpret pc=0x00000000086faa9c method=com.android.tools.r8.ir.conversion.K.a(Lcom/android/tools/r8/u/b/W;)V @ 902
Event: 21220.620 Thread 0x00000000221bc800 Uncommon trap: reason=class_check action=maybe_recompile pc=0x0000000006fbc008 method=com.android.tools.r8.u.b.o1.a(Lcom/android/tools/r8/ir/analysis/type/u;)Lcom/android/tools/r8/u/b/o1; @ 12
Event: 21222.532 Thread 0x000000002218f800 Uncommon trap: reason=unstable_if action=reinterpret pc=0x0000000008796ea8 method=java.util.PriorityQueue.remove(Ljava/lang/Object;)Z @ 8

Classes redefined (0 events):
No events

Internal exceptions (10 events):
Event: 21222.917 Thread 0x000000002218e000 Exception <a 'sun/nio/fs/WindowsException'> (0x00000000d8a8bdf0) thrown at [C:\src\AOSP-openjdk-git\hotspot\src\share\vm\prims\jni.cpp, line 710]
Event: 21222.918 Thread 0x000000002218e000 Exception <a 'sun/nio/fs/WindowsException'> (0x00000000d8a94120) thrown at [C:\src\AOSP-openjdk-git\hotspot\src\share\vm\prims\jni.cpp, line 710]
Event: 21222.919 Thread 0x000000002218e000 Exception <a 'sun/nio/fs/WindowsException'> (0x00000000d8ebd590) thrown at [C:\src\AOSP-openjdk-git\hotspot\src\share\vm\prims\jni.cpp, line 710]
Event: 21222.920 Thread 0x000000002218e000 Exception <a 'sun/nio/fs/WindowsException'> (0x00000000d8f0a0b0) thrown at [C:\src\AOSP-openjdk-git\hotspot\src\share\vm\prims\jni.cpp, line 710]
Event: 21222.922 Thread 0x000000002218e000 Exception <a 'sun/nio/fs/WindowsException'> (0x00000000d8f57a48) thrown at [C:\src\AOSP-openjdk-git\hotspot\src\share\vm\prims\jni.cpp, line 710]
Event: 21222.923 Thread 0x000000002218e000 Exception <a 'sun/nio/fs/WindowsException'> (0x00000000d8f62c90) thrown at [C:\src\AOSP-openjdk-git\hotspot\src\share\vm\prims\jni.cpp, line 710]
Event: 21222.938 Thread 0x000000002218e000 Exception <a 'sun/nio/fs/WindowsException'> (0x00000000d8f73d70) thrown at [C:\src\AOSP-openjdk-git\hotspot\src\share\vm\prims\jni.cpp, line 710]
Event: 21222.940 Thread 0x000000002218e000 Exception <a 'sun/nio/fs/WindowsException'> (0x00000000d8f7a728) thrown at [C:\src\AOSP-openjdk-git\hotspot\src\share\vm\prims\jni.cpp, line 710]
Event: 21223.138 Thread 0x0000000019e27800 Exception <a 'sun/nio/fs/WindowsException'> (0x00000000dd196498) thrown at [C:\src\AOSP-openjdk-git\hotspot\src\share\vm\prims\jni.cpp, line 710]
Event: 21223.340 Thread 0x000000001c779000 Exception <a 'sun/nio/fs/WindowsException'> (0x00000000df4e5780) thrown at [C:\src\AOSP-openjdk-git\hotspot\src\share\vm\prims\jni.cpp, line 710]

Events (10 events):
Event: 21223.605 Thread 0x0000000019ba1800 flushing nmethod 0x0000000005b46c50
Event: 21223.606 Thread 0x0000000019ba1800 flushing nmethod 0x0000000005be7b90
Event: 21223.607 Thread 0x0000000019ba1800 flushing nmethod 0x0000000005c395d0
Event: 21223.608 Thread 0x0000000019ba1800 flushing nmethod 0x0000000005e69c10
Event: 21223.609 Thread 0x0000000019ba1800 flushing nmethod 0x0000000005e91690
Event: 21223.643 Thread 0x000000001bcad800 DEOPT PACKING pc=0x0000000004b41159 sp=0x000000002f49e7d0
Event: 21223.643 Thread 0x000000001bcad800 DEOPT UNPACKING pc=0x0000000002d775d0 sp=0x000000002f49e5c0 mode 0
Event: 21223.645 Thread 0x0000000019bbc000 flushing nmethod 0x0000000006235450
Event: 21223.646 Thread 0x0000000019bbc000 flushing nmethod 0x0000000006235c90
Event: 21223.646 Thread 0x0000000019bbc000 flushing nmethod 0x0000000006236110


Dynamic libraries:
0x00007ff650380000 - 0x00007ff6503b1000 	C:\Program Files\Android\Android Studio\jre\bin\java.exe
0x00007ffe50c10000 - 0x00007ffe50e05000 	C:\WINDOWS\SYSTEM32\ntdll.dll
0x00007ffe4ee40000 - 0x00007ffe4eefd000 	C:\WINDOWS\System32\KERNEL32.DLL
0x00007ffe4e770000 - 0x00007ffe4ea37000 	C:\WINDOWS\System32\KERNELBASE.dll
0x00007ffe4ef00000 - 0x00007ffe4efaa000 	C:\WINDOWS\System32\ADVAPI32.dll
0x00007ffe4fcc0000 - 0x00007ffe4fd5e000 	C:\WINDOWS\System32\msvcrt.dll
0x00007ffe4fdf0000 - 0x00007ffe4fe8b000 	C:\WINDOWS\System32\sechost.dll
0x00007ffe502d0000 - 0x00007ffe503f3000 	C:\WINDOWS\System32\RPCRT4.dll
0x00007ffe4ec80000 - 0x00007ffe4ee20000 	C:\WINDOWS\System32\USER32.dll
0x00007ffe4e5a0000 - 0x00007ffe4e5c2000 	C:\WINDOWS\System32\win32u.dll
0x00007ffe500f0000 - 0x00007ffe5011a000 	C:\WINDOWS\System32\GDI32.dll
0x00007ffe4e360000 - 0x00007ffe4e46a000 	C:\WINDOWS\System32\gdi32full.dll
0x00007ffe4e620000 - 0x00007ffe4e6bd000 	C:\WINDOWS\System32\msvcp_win.dll
0x00007ffe4e470000 - 0x00007ffe4e570000 	C:\WINDOWS\System32\ucrtbase.dll
0x00007ffe3dba0000 - 0x00007ffe3de3a000 	C:\WINDOWS\WinSxS\amd64_microsoft.windows.common-controls_6595b64144ccf1df_6.0.19041.1_none_b555e41d4684ddec\COMCTL32.dll
0x00007ffe4fdc0000 - 0x00007ffe4fdf0000 	C:\WINDOWS\System32\IMM32.DLL
0x0000000068360000 - 0x0000000068432000 	C:\Program Files\Android\Android Studio\jre\jre\bin\msvcr100.dll
0x00000000676e0000 - 0x0000000067f2b000 	C:\Program Files\Android\Android Studio\jre\jre\bin\server\jvm.dll
0x00007ffe50bc0000 - 0x00007ffe50bc8000 	C:\WINDOWS\System32\PSAPI.DLL
0x00007ffe3dff0000 - 0x00007ffe3e017000 	C:\WINDOWS\SYSTEM32\WINMM.dll
0x00007ffe45b30000 - 0x00007ffe45b3a000 	C:\WINDOWS\SYSTEM32\VERSION.dll
0x00007ffe48e40000 - 0x00007ffe48e49000 	C:\WINDOWS\SYSTEM32\WSOCK32.dll
0x00007ffe50120000 - 0x00007ffe5018b000 	C:\WINDOWS\System32\WS2_32.dll
0x00007ffe48a80000 - 0x00007ffe48a8f000 	C:\Program Files\Android\Android Studio\jre\jre\bin\verify.dll
0x00007ffe48a50000 - 0x00007ffe48a79000 	C:\Program Files\Android\Android Studio\jre\jre\bin\java.dll
0x00007ffe48a30000 - 0x00007ffe48a46000 	C:\Program Files\Android\Android Studio\jre\jre\bin\zip.dll
0x00007ffe50480000 - 0x00007ffe50bc0000 	C:\WINDOWS\System32\SHELL32.dll
0x00007ffe4c4a0000 - 0x00007ffe4cc31000 	C:\WINDOWS\SYSTEM32\windows.storage.dll
0x00007ffe4f680000 - 0x00007ffe4f9d3000 	C:\WINDOWS\System32\combase.dll
0x00007ffe4dd10000 - 0x00007ffe4dd3c000 	C:\WINDOWS\SYSTEM32\Wldp.dll
0x00007ffe4fe90000 - 0x00007ffe4ff3e000 	C:\WINDOWS\System32\SHCORE.dll
0x00007ffe4fd60000 - 0x00007ffe4fdb5000 	C:\WINDOWS\System32\shlwapi.dll
0x00007ffe4e2a0000 - 0x00007ffe4e2bf000 	C:\WINDOWS\SYSTEM32\profapi.dll
0x00007ffe48680000 - 0x00007ffe4869a000 	C:\Program Files\Android\Android Studio\jre\jre\bin\net.dll
0x00007ffe4db00000 - 0x00007ffe4db6a000 	C:\WINDOWS\system32\mswsock.dll
0x00007ffe30c70000 - 0x00007ffe30c83000 	C:\Program Files\Android\Android Studio\jre\jre\bin\nio.dll
0x00007ffe23eb0000 - 0x00007ffe23ed6000 	C:\Users\Hung\.gradle\native\31\windows-amd64\native-platform.dll
0x00007ffe48a20000 - 0x00007ffe48a2d000 	C:\Program Files\Android\Android Studio\jre\jre\bin\management.dll
0x00007ffe4dd50000 - 0x00007ffe4dd68000 	C:\WINDOWS\SYSTEM32\CRYPTSP.dll
0x00007ffe4d3e0000 - 0x00007ffe4d414000 	C:\WINDOWS\system32\rsaenh.dll
0x00007ffe4e570000 - 0x00007ffe4e597000 	C:\WINDOWS\System32\bcrypt.dll
0x00007ffe4e260000 - 0x00007ffe4e28e000 	C:\WINDOWS\SYSTEM32\USERENV.dll
0x00007ffe4eba0000 - 0x00007ffe4ec1f000 	C:\WINDOWS\System32\bcryptprimitives.dll
0x00007ffe4dc80000 - 0x00007ffe4dc8c000 	C:\WINDOWS\SYSTEM32\CRYPTBASE.dll
0x00007ffe4d7a0000 - 0x00007ffe4d7db000 	C:\WINDOWS\SYSTEM32\IPHLPAPI.DLL
0x00007ffe50190000 - 0x00007ffe50199000 	C:\WINDOWS\System32\NSI.dll
0x00007ffe47360000 - 0x00007ffe47377000 	C:\WINDOWS\SYSTEM32\dhcpcsvc6.DLL
0x00007ffe47340000 - 0x00007ffe4735d000 	C:\WINDOWS\SYSTEM32\dhcpcsvc.DLL
0x00007ffe4d7e0000 - 0x00007ffe4d8aa000 	C:\WINDOWS\SYSTEM32\DNSAPI.dll
0x00007ffe30c40000 - 0x00007ffe30c64000 	C:\Program Files\Android\Android Studio\jre\jre\bin\sunec.dll
0x00007ffe41f30000 - 0x00007ffe41f3a000 	C:\Windows\System32\rasadhlp.dll
0x00007ffe45ab0000 - 0x00007ffe45b2f000 	C:\WINDOWS\System32\fwpuclnt.dll
0x00007ffe46dd0000 - 0x00007ffe46ddb000 	C:\Program Files\Android\Android Studio\jre\jre\bin\sunmscapi.dll
0x00007ffe4ea40000 - 0x00007ffe4eb9d000 	C:\WINDOWS\System32\CRYPT32.dll

VM Arguments:
jvm_args: -Xmx2048m -Dfile.encoding=windows-1252 -Duser.country=US -Duser.language=en -Duser.variant 
java_command: org.gradle.launcher.daemon.bootstrap.GradleDaemon 6.1.1
java_class_path (initial): C:\Users\Hung\.gradle\wrapper\dists\gradle-6.1.1-all\cfmwm155h49vnt3hynmlrsdst\gradle-6.1.1\lib\gradle-launcher-6.1.1.jar
Launcher Type: SUN_STANDARD

Environment Variables:
PATH=C:\Program Files (x86)\Common Files\Oracle\Java\javapath;C:\Windows\system32;C:\Windows;C:\Windows\System32\Wbem;C:\Windows\System32\WindowsPowerShell\v1.0\;C:\Windows\System32\OpenSSH\;C:\Program Files\Git\cmd;C:\xampp\php;C:\ProgramData\ComposerSetup\bin;C:\Program Files\nodejs\;C:\Program Files\NVIDIA Corporation\NVIDIA NvDLISR;C:\MinGW\bin;C:\Program Files\Docker\Docker\resources\bin;C:\ProgramData\DockerDesktop\version-bin;C:\Users\Hung\.gradle\wrapper\dists\gradle-6.1.1-all\cfmwm155h49vnt3hynmlrsdst\gradle-6.1.1\bin;C:\Program Files\Tesseract-OCR;;%SystemRoot%\system32;%SystemRoot%;%SystemRoot%\System32\Wbem;%SYSTEMROOT%\System32\WindowsPowerShell\v1.0\;%SYSTEMROOT%\System32\OpenSSH\;C:\Users\Hung\AppData\Local\Microsoft\WindowsApps;;C:\Users\Hung\AppData\Local\Programs\Microsoft VS Code\bin;C:\Users\Hung\AppData\Roaming\Composer\vendor\bin;C:\Users\Hung\AppData\Roaming\npm
USERNAME=Hung
OS=Windows_NT
PROCESSOR_IDENTIFIER=Intel64 Family 6 Model 158 Stepping 10, GenuineIntel



---------------  S Y S T E M  ---------------

OS: Windows 10.0 , 64 bit Build 19041 (10.0.19041.292)

CPU:total 8 (initial active 8) (4 cores per cpu, 2 threads per core) family 6 model 158 stepping 10, cmov, cx8, fxsr, mmx, sse, sse2, sse3, ssse3, sse4.1, sse4.2, popcnt, avx, avx2, aes, clmul, erms, 3dnowpref, lzcnt, ht, tsc, tscinvbit, bmi1, bmi2, adx

Memory: 4k page, physical 8265972k(371316k free), swap 11337972k(4884k free)

vm_info: OpenJDK 64-Bit Server VM (25.242-b01) for windows-amd64 JRE (1.8.0_242-release-1644-b01), built by "builder" with MS VC++ 10.0 (VS2010)

time: Mon Aug 17 15:38:23 2020
timezone: SE Asia Standard Time
elapsed time: 21223 seconds (0d 5h 53m 43s)

